<?xml version="1.0" encoding="UTF-8"?>
<coverage generated="1688247331882" clover="3.2.0">
  <project timestamp="1688247331882" name="All files">
    <metrics statements="26" coveredstatements="24" conditionals="4" coveredconditionals="3" methods="3" coveredmethods="2" elements="33" coveredelements="29" complexity="0" loc="26" ncloc="26" packages="2" files="2" classes="2"/>
    <package name="taskmaster">
      <metrics statements="18" coveredstatements="16" conditionals="4" coveredconditionals="3" methods="3" coveredmethods="2"/>
      <file name="index.js" path="/Users/aleksandrkarasik/Documents/CSE341/taskmaster/index.js">
        <metrics statements="18" coveredstatements="16" conditionals="4" coveredconditionals="3" methods="3" coveredmethods="2"/>
        <line num="1" count="1" type="stmt"/>
        <line num="2" count="1" type="stmt"/>
        <line num="3" count="1" type="stmt"/>
        <line num="4" count="1" type="cond" truecount="2" falsecount="0"/>
        <line num="5" count="1" type="stmt"/>
        <line num="7" count="1" type="stmt"/>
        <line num="10" count="1" type="stmt"/>
        <line num="11" count="1" type="stmt"/>
        <line num="15" count="1" type="stmt"/>
        <line num="16" count="1" type="stmt"/>
        <line num="21" count="1" type="stmt"/>
        <line num="22" count="0" type="stmt"/>
        <line num="25" count="1" type="stmt"/>
        <line num="26" count="1" type="cond" truecount="1" falsecount="1"/>
        <line num="27" count="0" type="stmt"/>
        <line num="30" count="1" type="stmt"/>
        <line num="31" count="1" type="stmt"/>
        <line num="35" count="1" type="stmt"/>
      </file>
    </package>
    <package name="taskmaster.routes">
      <metrics statements="8" coveredstatements="8" conditionals="0" coveredconditionals="0" methods="0" coveredmethods="0"/>
      <file name="index.js" path="/Users/aleksandrkarasik/Documents/CSE341/taskmaster/routes/index.js">
        <metrics statements="8" coveredstatements="8" conditionals="0" coveredconditionals="0" methods="0" coveredmethods="0"/>
        <line num="1" count="2" type="stmt"/>
        <line num="3" count="2" type="stmt"/>
        <line num="7" count="2" type="stmt"/>
        <line num="8" count="2" type="stmt"/>
        <line num="9" count="2" type="stmt"/>
        <line num="10" count="2" type="stmt"/>
        <line num="11" count="2" type="stmt"/>
        <line num="13" count="2" type="stmt"/>
      </file>
    </package>
  </project>
</coverage>
