TN:
SF:index.js
FN:19,(anonymous_0)
FN:41,(anonymous_1)
FN:47,(anonymous_2)
FNF:3
FNH:2
FNDA:2,(anonymous_0)
FNDA:0,(anonymous_1)
FNDA:1,(anonymous_2)
DA:1,1
DA:4,1
DA:5,1
DA:6,1
DA:7,1
DA:9,1
DA:14,1
DA:17,1
DA:20,2
DA:21,2
DA:25,2
DA:26,2
DA:29,1
DA:37,1
DA:38,1
DA:41,1
DA:42,0
DA:47,1
DA:48,1
DA:49,1
DA:51,0
DA:52,0
DA:56,1
DA:57,1
DA:60,1
DA:63,1
LF:26
LH:23
BRDA:9,0,0,1
BRDA:9,0,1,1
BRDA:48,1,0,1
BRDA:48,1,1,0
BRF:4
BRH:3
end_of_record
TN:
SF:controllers/teams.js
FN:6,(anonymous_0)
FN:7,(anonymous_1)
FN:16,(anonymous_2)
FN:26,(anonymous_3)
FN:31,(anonymous_4)
FN:37,(anonymous_5)
FN:46,(anonymous_6)
FN:51,(anonymous_7)
FN:56,(anonymous_8)
FN:85,(anonymous_9)
FNF:10
FNH:1
FNDA:0,(anonymous_0)
FNDA:0,(anonymous_1)
FNDA:0,(anonymous_2)
FNDA:0,(anonymous_3)
FNDA:0,(anonymous_4)
FNDA:1,(anonymous_5)
FNDA:0,(anonymous_6)
FNDA:0,(anonymous_7)
FNDA:0,(anonymous_8)
FNDA:0,(anonymous_9)
DA:1,1
DA:2,1
DA:4,1
DA:6,1
DA:7,0
DA:8,0
DA:16,1
DA:17,0
DA:18,0
DA:20,0
DA:21,0
DA:27,0
DA:28,0
DA:32,0
DA:33,0
DA:37,1
DA:38,1
DA:46,1
DA:47,0
DA:52,0
DA:56,1
DA:57,0
DA:58,0
DA:60,0
DA:72,0
DA:73,0
DA:79,0
DA:80,0
DA:82,0
DA:85,1
DA:86,0
DA:87,0
DA:89,0
DA:90,0
DA:95,0
DA:96,0
DA:98,0
LF:37
LH:10
BRDA:17,0,0,0
BRDA:17,0,1,0
BRDA:27,1,0,0
BRDA:27,1,1,0
BRDA:57,2,0,0
BRDA:57,2,1,0
BRDA:79,3,0,0
BRDA:79,3,1,0
BRDA:82,4,0,0
BRDA:82,4,1,0
BRDA:86,5,0,0
BRDA:86,5,1,0
BRDA:95,6,0,0
BRDA:95,6,1,0
BRDA:98,7,0,0
BRDA:98,7,1,0
BRF:16
BRH:0
end_of_record
TN:
SF:controllers/users.js
FN:6,(anonymous_0)
FN:7,(anonymous_1)
FN:16,(anonymous_2)
FN:26,(anonymous_3)
FN:31,(anonymous_4)
FN:37,(anonymous_5)
FN:62,(anonymous_6)
FN:67,(anonymous_7)
FN:72,(anonymous_8)
FN:115,(anonymous_9)
FNF:10
FNH:1
FNDA:0,(anonymous_0)
FNDA:0,(anonymous_1)
FNDA:0,(anonymous_2)
FNDA:0,(anonymous_3)
FNDA:0,(anonymous_4)
FNDA:1,(anonymous_5)
FNDA:0,(anonymous_6)
FNDA:0,(anonymous_7)
FNDA:0,(anonymous_8)
FNDA:0,(anonymous_9)
DA:1,1
DA:2,1
DA:4,1
DA:6,1
DA:7,0
DA:8,0
DA:16,1
DA:17,0
DA:18,0
DA:20,0
DA:21,0
DA:27,0
DA:28,0
DA:32,0
DA:33,0
DA:37,1
DA:38,1
DA:62,1
DA:63,0
DA:68,0
DA:72,1
DA:73,0
DA:74,0
DA:76,0
DA:100,0
DA:101,0
DA:107,0
DA:108,0
DA:110,0
DA:115,1
DA:116,0
DA:117,0
DA:119,0
DA:120,0
DA:125,0
DA:126,0
DA:128,0
LF:37
LH:10
BRDA:17,0,0,0
BRDA:17,0,1,0
BRDA:27,1,0,0
BRDA:27,1,1,0
BRDA:73,2,0,0
BRDA:73,2,1,0
BRDA:107,3,0,0
BRDA:107,3,1,0
BRDA:110,4,0,0
BRDA:110,4,1,0
BRDA:116,5,0,0
BRDA:116,5,1,0
BRDA:125,6,0,0
BRDA:125,6,1,0
BRDA:128,7,0,0
BRDA:128,7,1,0
BRF:16
BRH:0
end_of_record
TN:
SF:db/connect.js
FN:9,(anonymous_0)
FN:15,(anonymous_1)
FN:19,(anonymous_2)
FN:24,(anonymous_3)
FNF:4
FNH:2
FNDA:1,(anonymous_0)
FNDA:0,(anonymous_1)
FNDA:1,(anonymous_2)
FNDA:0,(anonymous_3)
DA:3,1
DA:4,1
DA:5,1
DA:9,1
DA:10,1
DA:11,0
DA:12,0
DA:14,1
DA:16,0
DA:17,0
DA:20,1
DA:24,1
DA:25,0
DA:26,0
DA:28,0
DA:31,1
LF:16
LH:9
BRDA:10,0,0,0
BRDA:10,0,1,1
BRDA:25,1,0,0
BRDA:25,1,1,0
BRF:4
BRH:1
end_of_record
TN:
SF:model/team.js
FNF:0
FNH:0
DA:1,1
DA:3,1
DA:10,1
LF:3
LH:3
BRF:0
BRH:0
end_of_record
TN:
SF:model/user.js
FNF:0
FNH:0
DA:1,1
DA:3,1
DA:10,1
LF:3
LH:3
BRF:0
BRH:0
end_of_record
TN:
SF:routes/index.js
FNF:0
FNH:0
DA:1,1
DA:2,1
DA:3,1
DA:7,1
DA:8,1
DA:9,1
DA:10,1
DA:11,1
DA:14,1
LF:9
LH:9
BRF:0
BRH:0
end_of_record
TN:
SF:routes/inventory.js
FNF:0
FNH:0
DA:1,1
DA:2,1
DA:4,1
DA:6,1
DA:8,1
DA:10,1
DA:12,1
DA:14,1
DA:16,1
LF:9
LH:9
BRF:0
BRH:0
end_of_record
TN:
SF:routes/swagger.js
FNF:0
FNH:0
DA:1,1
DA:2,1
DA:3,1
DA:4,1
DA:6,1
DA:9,1
DA:12,1
DA:16,1
LF:8
LH:8
BRF:0
BRH:0
end_of_record
TN:
SF:routes/tasks.js
FNF:0
FNH:0
DA:1,1
DA:2,1
DA:4,1
DA:6,1
DA:8,1
DA:10,1
DA:12,1
DA:14,1
DA:16,1
LF:9
LH:9
BRF:0
BRH:0
end_of_record
TN:
SF:routes/teams.js
FNF:0
FNH:0
DA:1,1
DA:2,1
DA:4,1
DA:6,1
DA:10,1
DA:12,1
DA:14,1
DA:16,1
DA:18,1
LF:9
LH:9
BRF:0
BRH:0
end_of_record
TN:
SF:routes/users.js
FNF:0
FNH:0
DA:1,1
DA:2,1
DA:4,1
DA:6,1
DA:10,1
DA:12,1
DA:14,1
DA:16,1
DA:18,1
LF:9
LH:9
BRF:0
BRH:0
end_of_record
